<?xml version="1.0" encoding="UTF-8"?>
<!-- Generated by org.testng.reporters.JUnitReportReporter -->
<testsuite hostname="DESKTOP-HRGUEQ0" failures="0" tests="2" name="sampleTest.Test1" time="0.009" errors="0" timestamp="2022-11-09T17:06:03 IST" skipped="0">
  <testcase classname="sampleTest.Test1" name="sample1" time="0.006"/>
  <system-out/>
  <testcase classname="sampleTest.Test1" name="sample2" time="0.003"/>
  <system-out/>
</testsuite> <!-- sampleTest.Test1 -->
