<?xml version="1.0" encoding="UTF-8"?>
<!-- Generated by org.testng.reporters.JUnitReportReporter -->
<testsuite hostname="DESKTOP-HRGUEQ0" failures="0" tests="3" name="Practice_Package.DataProvider_FromExcel" time="0.044" errors="0" timestamp="2022-11-08T17:30:10 IST" skipped="0">
  <testcase classname="Practice_Package.DataProvider_FromExcel" name="Movies" time="0.007"/>
  <system-out/>
  <testcase classname="Practice_Package.DataProvider_FromExcel" name="Movies" time="0.021"/>
  <system-out/>
  <testcase classname="Practice_Package.DataProvider_FromExcel" name="Movies" time="0.016"/>
  <system-out/>
</testsuite> <!-- Practice_Package.DataProvider_FromExcel -->
