<?xml version="1.0" encoding="UTF-8"?>
<!-- Generated by org.testng.reporters.JUnitReportReporter -->
<testsuite hostname="DESKTOP-HRGUEQ0" failures="0" tests="4" name="Practice_Package.CreateCustomerTest" time="0.039" errors="0" timestamp="2022-11-08T16:22:31 IST" skipped="1">
  <testcase classname="Practice_Package.CreateCustomerTest" name="deleteCustomer" time="0.026"/>
  <system-out/>
  <testcase classname="Practice_Package.CreateCustomerTest" name="updateCustomer" time="0.005"/>
  <system-out/>
  <testcase classname="Practice_Package.CreateCustomerTest" name="createCustomer" time="0.008"/>
  <system-out/>
  <testcase classname="Practice_Package.CreateCustomerTest" name="recreateCustomer">
    <skipped/>
  </testcase> <!-- recreateCustomer -->
  <system-out/>
</testsuite> <!-- Practice_Package.CreateCustomerTest -->
