<?xml version="1.0" encoding="UTF-8"?>
<!-- Generated by org.testng.reporters.JUnitReportReporter -->
<testsuite hostname="DESKTOP-HRGUEQ0" failures="0" tests="2" name="Practice_Package.dataProvider" time="0.019" errors="0" timestamp="2022-11-08T12:25:31 IST" skipped="0">
  <testcase classname="Practice_Package.dataProvider" name="travelling" time="0.004"/>
  <system-out/>
  <testcase classname="Practice_Package.dataProvider" name="travelling" time="0.015"/>
  <system-out/>
</testsuite> <!-- Practice_Package.dataProvider -->
