<?xml version="1.0" encoding="UTF-8"?>
<!-- Generated by org.testng.reporters.JUnitReportReporter -->
<testsuite hostname="DESKTOP-HRGUEQ0" failures="0" tests="2" name="sampleTest.Test4" time="0.026" errors="0" timestamp="2022-11-09T17:06:03 IST" skipped="0">
  <testcase classname="sampleTest.Test4" name="sample8" time="0.005"/>
  <system-out/>
  <testcase classname="sampleTest.Test4" name="sample7" time="0.021"/>
  <system-out/>
</testsuite> <!-- sampleTest.Test4 -->
