<?xml version="1.0" encoding="UTF-8"?>
<!-- Generated by org.testng.reporters.JUnitReportReporter -->
<testsuite hostname="DESKTOP-HRGUEQ0" failures="0" tests="2" name="Practice_Package.AnnotationsProg" time="0.024" errors="0" timestamp="2022-11-08T17:52:52 IST" skipped="0">
  <testcase classname="Practice_Package.AnnotationsProg" name="Method6" time="0.017"/>
  <system-out/>
  <testcase classname="Practice_Package.AnnotationsProg" name="Method7" time="0.007"/>
  <system-out/>
</testsuite> <!-- Practice_Package.AnnotationsProg -->
