<?xml version="1.0" encoding="UTF-8"?>
<!-- Generated by org.testng.reporters.JUnitReportReporter -->
<testsuite hostname="DESKTOP-HRGUEQ0" failures="0" tests="2" name="sampleTest.Test2" time="0.007" errors="0" timestamp="2022-11-09T17:06:03 IST" skipped="0">
  <testcase classname="sampleTest.Test2" name="sample4" time="0.003"/>
  <system-out/>
  <testcase classname="sampleTest.Test2" name="sample3" time="0.004"/>
  <system-out/>
</testsuite> <!-- sampleTest.Test2 -->
