<?xml version="1.0" encoding="UTF-8"?>
<!-- Generated by org.testng.reporters.JUnitReportReporter -->
<testsuite hostname="DESKTOP-HRGUEQ0" failures="0" tests="3" name="Practice_Package.dataProviderss" time="0.053" errors="0" timestamp="2022-11-16T21:33:13 IST" skipped="0">
  <testcase classname="Practice_Package.dataProviderss" name="getData" time="0.024"/>
  <system-out/>
  <testcase classname="Practice_Package.dataProviderss" name="getData" time="0.021"/>
  <system-out/>
  <testcase classname="Practice_Package.dataProviderss" name="getData" time="0.008"/>
  <system-out/>
</testsuite> <!-- Practice_Package.dataProviderss -->
