<?xml version="1.0" encoding="UTF-8"?>
<!-- Generated by org.testng.reporters.JUnitReportReporter -->
<testsuite hostname="DESKTOP-HRGUEQ0" failures="0" tests="1" name="Practice_Package.Test1" time="0.025" errors="0" timestamp="2022-11-09T10:51:30 IST" skipped="0">
  <testcase classname="Practice_Package.Test1" name="logout" time="0.025"/>
  <system-out/>
</testsuite> <!-- Practice_Package.Test1 -->
