<?xml version="1.0" encoding="UTF-8"?>
<!-- Generated by org.testng.reporters.JUnitReportReporter -->
<testsuite hostname="DESKTOP-HRGUEQ0" failures="0" tests="1" name="sampleTest.Test3" time="0.006" errors="0" timestamp="2022-11-09T17:06:03 IST" skipped="0">
  <testcase classname="sampleTest.Test3" name="sample5" time="0.006"/>
  <system-out/>
</testsuite> <!-- sampleTest.Test3 -->
